2023-08-01 11:18:58,439 INFO o.a.j.u.JMeterUtils: Setting Locale to en_EN
2023-08-01 11:18:58,458 INFO o.a.j.JMeter: Loading user properties from: /home/gimaletdinov/apache-jmeter-5.6.2/bin/user.properties
2023-08-01 11:18:58,458 INFO o.a.j.JMeter: Loading system properties from: /home/gimaletdinov/apache-jmeter-5.6.2/bin/system.properties
2023-08-01 11:18:58,463 INFO o.a.j.JMeter: Copyright (c) 1998-2023 The Apache Software Foundation
2023-08-01 11:18:58,464 INFO o.a.j.JMeter: Version 5.6.2
2023-08-01 11:18:58,464 INFO o.a.j.JMeter: java.version=11.0.20
2023-08-01 11:18:58,464 INFO o.a.j.JMeter: java.vm.name=OpenJDK 64-Bit Server VM
2023-08-01 11:18:58,464 INFO o.a.j.JMeter: os.name=Linux
2023-08-01 11:18:58,464 INFO o.a.j.JMeter: os.arch=amd64
2023-08-01 11:18:58,464 INFO o.a.j.JMeter: os.version=5.15.0-78-generic
2023-08-01 11:18:58,464 INFO o.a.j.JMeter: file.encoding=UTF-8
2023-08-01 11:18:58,465 INFO o.a.j.JMeter: java.awt.headless=null
2023-08-01 11:18:58,465 INFO o.a.j.JMeter: Max memory     =1073741824
2023-08-01 11:18:58,465 INFO o.a.j.JMeter: Available Processors =8
2023-08-01 11:18:58,472 INFO o.a.j.JMeter: Default Locale=English (EN)
2023-08-01 11:18:58,472 INFO o.a.j.JMeter: JMeter  Locale=English (EN)
2023-08-01 11:18:58,472 INFO o.a.j.JMeter: JMeterHome=/home/gimaletdinov/apache-jmeter-5.6.2
2023-08-01 11:18:58,472 INFO o.a.j.JMeter: user.dir  =/home/gimaletdinov/Desktop/location
2023-08-01 11:18:58,472 INFO o.a.j.JMeter: PWD       =/home/gimaletdinov/Desktop/location
2023-08-01 11:18:58,473 INFO o.a.j.JMeter: IP: 127.0.1.1 Name: WS1564 FullName: WS1564
2023-08-01 11:18:58,482 INFO o.a.j.JMeter: Loaded icon properties from org/apache/jmeter/images/icon.properties
2023-08-01 11:19:00,080 INFO o.a.j.JMeterGuiLauncher: Setting LAF to: com.github.weisj.darklaf.DarkLaf:com.github.weisj.darklaf.theme.DarculaTheme
